<?xml version="1.0" encoding="UTF-8"?>
<!-- Generated by org.testng.reporters.JUnitReportReporter -->
<testsuite hostname="SHREYAPC" name="scripts.FirstTestNGTest" tests="3" failures="0" timestamp="30 Sep 2021 08:38:22 GMT" time="554.909" errors="0">
  <testcase name="wikiTest" time="119.787" classname="scripts.FirstTestNGTest"/>
  <testcase name="googleTest" time="324.053" classname="scripts.FirstTestNGTest"/>
  <testcase name="amazonTest" time="111.069" classname="scripts.FirstTestNGTest"/>
</testsuite> <!-- scripts.FirstTestNGTest -->
